# JRE version: OpenJDK Runtime Environment (11.0.8+10) (build 11.0.8+10-b944.6842174)
# Java VM: OpenJDK 64-Bit Server VM (11.0.8+10-b944.6842174, mixed mode, tiered, compressed oops, g1 gc, windows-amd64)
Heap:
 garbage-first heap   total 187392K, used 129273K [0x0000000080000000, 0x0000000100000000)
  region size 1024K, 32 young (32768K), 3 survivors (3072K)
 Metaspace       used 103062K, capacity 105619K, committed 106880K, reserved 1140736K
  class space    used 13250K, capacity 14224K, committed 14720K, reserved 1048576K
GC Heap History (20 events):
Event: 12.469 GC heap before
{Heap before GC invocations=19 (full 0):
 garbage-first heap   total 155648K, used 123786K [0x0000000080000000, 0x0000000100000000)
  region size 1024K, 66 young (67584K), 7 survivors (7168K)
 Metaspace       used 81456K, capacity 83501K, committed 83840K, reserved 1122304K
  class space    used 10559K, capacity 11292K, committed 11392K, reserved 1048576K
}
Event: 12.476 GC heap after
{Heap after GC invocations=20 (full 0):
 garbage-first heap   total 155648K, used 70946K [0x0000000080000000, 0x0000000100000000)
  region size 1024K, 9 young (9216K), 9 survivors (9216K)
 Metaspace       used 81456K, capacity 83501K, committed 83840K, reserved 1122304K
  class space    used 10559K, capacity 11292K, committed 11392K, reserved 1048576K
}
Event: 12.689 GC heap before
{Heap before GC invocations=20 (full 0):
 garbage-first heap   total 155648K, used 123170K [0x0000000080000000, 0x0000000100000000)
  region size 1024K, 61 young (62464K), 9 survivors (9216K)
 Metaspace       used 82009K, capacity 84074K, committed 84096K, reserved 1122304K
  class space    used 10618K, capacity 11375K, committed 11392K, reserved 1048576K
}
Event: 12.693 GC heap after
{Heap after GC invocations=21 (full 0):
 garbage-first heap   total 155648K, used 70886K [0x0000000080000000, 0x0000000100000000)
  region size 1024K, 2 young (2048K), 2 survivors (2048K)
 Metaspace       used 82009K, capacity 84074K, committed 84096K, reserved 1122304K
  class space    used 10618K, capacity 11375K, committed 11392K, reserved 1048576K
}
Event: 13.257 GC heap before
{Heap before GC invocations=21 (full 0):
 garbage-first heap   total 155648K, used 102630K [0x0000000080000000, 0x0000000100000000)
  region size 1024K, 35 young (35840K), 2 survivors (2048K)
 Metaspace       used 88636K, capacity 90826K, committed 90880K, reserved 1128448K
  class space    used 11457K, capacity 12263K, committed 12288K, reserved 1048576K
}
Event: 13.264 GC heap after
{Heap after GC invocations=22 (full 0):
 garbage-first heap   total 155648K, used 72209K [0x0000000080000000, 0x0000000100000000)
  region size 1024K, 3 young (3072K), 3 survivors (3072K)
 Metaspace       used 88636K, capacity 90826K, committed 90880K, reserved 1128448K
  class space    used 11457K, capacity 12263K, committed 12288K, reserved 1048576K
}
Event: 14.361 GC heap before
{Heap before GC invocations=23 (full 0):
 garbage-first heap   total 155648K, used 126481K [0x0000000080000000, 0x0000000100000000)
  region size 1024K, 54 young (55296K), 3 survivors (3072K)
 Metaspace       used 90996K, capacity 93087K, committed 93440K, reserved 1130496K
  class space    used 11603K, capacity 12410K, committed 12544K, reserved 1048576K
}
Event: 14.372 GC heap after
{Heap after GC invocations=24 (full 0):
 garbage-first heap   total 155648K, used 84392K [0x0000000080000000, 0x0000000100000000)
  region size 1024K, 7 young (7168K), 7 survivors (7168K)
 Metaspace       used 90996K, capacity 93087K, committed 93440K, reserved 1130496K
  class space    used 11603K, capacity 12410K, committed 12544K, reserved 1048576K
}
Event: 14.712 GC heap before
{Heap before GC invocations=24 (full 0):
 garbage-first heap   total 155648K, used 121256K [0x0000000080000000, 0x0000000100000000)
  region size 1024K, 45 young (46080K), 7 survivors (7168K)
 Metaspace       used 92044K, capacity 94202K, committed 94464K, reserved 1130496K
  class space    used 11703K, capacity 12482K, committed 12544K, reserved 1048576K
}
Event: 14.723 GC heap after
{Heap after GC invocations=25 (full 0):
 garbage-first heap   total 155648K, used 88064K [0x0000000080000000, 0x0000000100000000)
  region size 1024K, 5 young (5120K), 5 survivors (5120K)
 Metaspace       used 92044K, capacity 94202K, committed 94464K, reserved 1130496K
  class space    used 11703K, capacity 12482K, committed 12544K, reserved 1048576K
}
Event: 15.130 GC heap before
{Heap before GC invocations=26 (full 0):
 garbage-first heap   total 155648K, used 129024K [0x0000000080000000, 0x0000000100000000)
  region size 1024K, 42 young (43008K), 5 survivors (5120K)
 Metaspace       used 96295K, capacity 98740K, committed 98816K, reserved 1134592K
  class space    used 12367K, capacity 13273K, committed 13312K, reserved 1048576K
}
Event: 15.141 GC heap after
{Heap after GC invocations=27 (full 0):
 garbage-first heap   total 187392K, used 93923K [0x0000000080000000, 0x0000000100000000)
  region size 1024K, 6 young (6144K), 6 survivors (6144K)
 Metaspace       used 96295K, capacity 98740K, committed 98816K, reserved 1134592K
  class space    used 12367K, capacity 13273K, committed 13312K, reserved 1048576K
}
Event: 15.566 GC heap before
{Heap before GC invocations=27 (full 0):
 garbage-first heap   total 187392K, used 141027K [0x0000000080000000, 0x0000000100000000)
  region size 1024K, 53 young (54272K), 6 survivors (6144K)
 Metaspace       used 100753K, capacity 103629K, committed 103808K, reserved 1138688K
  class space    used 13102K, capacity 14197K, committed 14208K, reserved 1048576K
}
Event: 15.585 GC heap after
{Heap after GC invocations=28 (full 0):
 garbage-first heap   total 187392K, used 102137K [0x0000000080000000, 0x0000000100000000)
  region size 1024K, 7 young (7168K), 7 survivors (7168K)
 Metaspace       used 100753K, capacity 103629K, committed 103808K, reserved 1138688K
  class space    used 13102K, capacity 14197K, committed 14208K, reserved 1048576K
}
Event: 15.877 GC heap before
{Heap before GC invocations=29 (full 0):
 garbage-first heap   total 187392K, used 144121K [0x0000000080000000, 0x0000000100000000)
  region size 1024K, 50 young (51200K), 7 survivors (7168K)
 Metaspace       used 102566K, capacity 105463K, committed 105600K, reserved 1140736K
  class space    used 13353K, capacity 14464K, committed 14464K, reserved 1048576K
}
Event: 15.896 GC heap after
{Heap after GC invocations=30 (full 0):
 garbage-first heap   total 187392K, used 103821K [0x0000000080000000, 0x0000000100000000)
  region size 1024K, 4 young (4096K), 4 survivors (4096K)
 Metaspace       used 102566K, capacity 105463K, committed 105600K, reserved 1140736K
  class space    used 13353K, capacity 14464K, committed 14464K, reserved 1048576K
}
Event: 15.920 GC heap before
{Heap before GC invocations=30 (full 0):
 garbage-first heap   total 187392K, used 107917K [0x0000000080000000, 0x0000000100000000)
  region size 1024K, 9 young (9216K), 4 survivors (4096K)
 Metaspace       used 102664K, capacity 105621K, committed 105728K, reserved 1140736K
  class space    used 13375K, capacity 14494K, committed 14592K, reserved 1048576K
}
Event: 15.924 GC heap after
{Heap after GC invocations=31 (full 0):
 garbage-first heap   total 187392K, used 100804K [0x0000000080000000, 0x0000000100000000)
  region size 1024K, 2 young (2048K), 2 survivors (2048K)
 Metaspace       used 102664K, capacity 105621K, committed 105728K, reserved 1140736K
  class space    used 13375K, capacity 14494K, committed 14592K, reserved 1048576K
}
Event: 16.105 GC heap before
{Heap before GC invocations=31 (full 0):
 garbage-first heap   total 187392K, used 132548K [0x0000000080000000, 0x0000000100000000)
  region size 1024K, 35 young (35840K), 2 survivors (2048K)
 Metaspace       used 102886K, capacity 105836K, committed 105984K, reserved 1140736K
  class space    used 13378K, capacity 14495K, committed 14592K, reserved 1048576K
}
Event: 16.113 GC heap after
{Heap after GC invocations=32 (full 0):
 garbage-first heap   total 187392K, used 101625K [0x0000000080000000, 0x0000000100000000)
  region size 1024K, 3 young (3072K), 3 survivors (3072K)
 Metaspace       used 102886K, capacity 105836K, committed 105984K, reserved 1140736K
  class space    used 13378K, capacity 14495K, committed 14592K, reserved 1048576K
}

