# JRE version: OpenJDK Runtime Environment (11.0.8+10) (build 11.0.8+10-b944.6842174)
# Java VM: OpenJDK 64-Bit Server VM (11.0.8+10-b944.6842174, mixed mode, tiered, compressed oops, g1 gc, windows-amd64)
Heap:
 garbage-first heap   total 458752K, used 287100K [0x0000000080000000, 0x0000000100000000)
  region size 1024K, 49 young (50176K), 6 survivors (6144K)
 Metaspace       used 116147K, capacity 119338K, committed 119628K, reserved 1153024K
  class space    used 14528K, capacity 15618K, committed 15744K, reserved 1048576K
GC Heap History (20 events):
Event: 27.354 GC heap before
{Heap before GC invocations=47 (full 0):
 garbage-first heap   total 225280K, used 171110K [0x0000000080000000, 0x0000000100000000)
  region size 1024K, 35 young (35840K), 5 survivors (5120K)
 Metaspace       used 110639K, capacity 113544K, committed 113612K, reserved 1148928K
  class space    used 13766K, capacity 14792K, committed 14848K, reserved 1048576K
}
Event: 27.367 GC heap after
{Heap after GC invocations=48 (full 0):
 garbage-first heap   total 225280K, used 148737K [0x0000000080000000, 0x0000000100000000)
  region size 1024K, 5 young (5120K), 5 survivors (5120K)
 Metaspace       used 110639K, capacity 113544K, committed 113612K, reserved 1148928K
  class space    used 13766K, capacity 14792K, committed 14848K, reserved 1048576K
}
Event: 27.405 GC heap before
{Heap before GC invocations=48 (full 0):
 garbage-first heap   total 225280K, used 153857K [0x0000000080000000, 0x0000000100000000)
  region size 1024K, 11 young (11264K), 5 survivors (5120K)
 Metaspace       used 110639K, capacity 113544K, committed 113612K, reserved 1148928K
  class space    used 13766K, capacity 14792K, committed 14848K, reserved 1048576K
}
Event: 27.417 GC heap after
{Heap after GC invocations=49 (full 0):
 garbage-first heap   total 270336K, used 144832K [0x0000000080000000, 0x0000000100000000)
  region size 1024K, 2 young (2048K), 2 survivors (2048K)
 Metaspace       used 110639K, capacity 113544K, committed 113612K, reserved 1148928K
  class space    used 13766K, capacity 14792K, committed 14848K, reserved 1048576K
}
Event: 28.086 GC heap before
{Heap before GC invocations=49 (full 0):
 garbage-first heap   total 270336K, used 195008K [0x0000000080000000, 0x0000000100000000)
  region size 1024K, 50 young (51200K), 2 survivors (2048K)
 Metaspace       used 111053K, capacity 113993K, committed 114252K, reserved 1148928K
  class space    used 13840K, capacity 14859K, committed 14976K, reserved 1048576K
}
Event: 28.102 GC heap after
{Heap after GC invocations=50 (full 0):
 garbage-first heap   total 270336K, used 157516K [0x0000000080000000, 0x0000000100000000)
  region size 1024K, 7 young (7168K), 7 survivors (7168K)
 Metaspace       used 111053K, capacity 113993K, committed 114252K, reserved 1148928K
  class space    used 13840K, capacity 14859K, committed 14976K, reserved 1048576K
}
Event: 28.453 GC heap before
{Heap before GC invocations=50 (full 0):
 garbage-first heap   total 270336K, used 201548K [0x0000000080000000, 0x0000000100000000)
  region size 1024K, 51 young (52224K), 7 survivors (7168K)
 Metaspace       used 112827K, capacity 115791K, committed 116044K, reserved 1150976K
  class space    used 14165K, capacity 15178K, committed 15232K, reserved 1048576K
}
Event: 28.477 GC heap after
{Heap after GC invocations=51 (full 0):
 garbage-first heap   total 270336K, used 163487K [0x0000000080000000, 0x0000000100000000)
  region size 1024K, 6 young (6144K), 6 survivors (6144K)
 Metaspace       used 112827K, capacity 115791K, committed 116044K, reserved 1150976K
  class space    used 14165K, capacity 15178K, committed 15232K, reserved 1048576K
}
Event: 28.744 GC heap before
{Heap before GC invocations=51 (full 0):
 garbage-first heap   total 270336K, used 208543K [0x0000000080000000, 0x0000000100000000)
  region size 1024K, 49 young (50176K), 6 survivors (6144K)
 Metaspace       used 113174K, capacity 116261K, committed 116300K, reserved 1150976K
  class space    used 14188K, capacity 15220K, committed 15232K, reserved 1048576K
}
Event: 28.773 GC heap after
{Heap after GC invocations=52 (full 0):
 garbage-first heap   total 270336K, used 185063K [0x0000000080000000, 0x0000000100000000)
  region size 1024K, 7 young (7168K), 7 survivors (7168K)
 Metaspace       used 113174K, capacity 116261K, committed 116300K, reserved 1150976K
  class space    used 14188K, capacity 15220K, committed 15232K, reserved 1048576K
}
Event: 28.950 GC heap before
{Heap before GC invocations=52 (full 0):
 garbage-first heap   total 270336K, used 213735K [0x0000000080000000, 0x0000000100000000)
  region size 1024K, 36 young (36864K), 7 survivors (7168K)
 Metaspace       used 113499K, capacity 116538K, committed 116684K, reserved 1150976K
  class space    used 14225K, capacity 15261K, committed 15360K, reserved 1048576K
}
Event: 28.993 GC heap after
{Heap after GC invocations=53 (full 0):
 garbage-first heap   total 344064K, used 201100K [0x0000000080000000, 0x0000000100000000)
  region size 1024K, 5 young (5120K), 5 survivors (5120K)
 Metaspace       used 113499K, capacity 116538K, committed 116684K, reserved 1150976K
  class space    used 14225K, capacity 15261K, committed 15360K, reserved 1048576K
}
Event: 31.419 GC heap before
{Heap before GC invocations=53 (full 0):
 garbage-first heap   total 344064K, used 248204K [0x0000000080000000, 0x0000000100000000)
  region size 1024K, 52 young (53248K), 5 survivors (5120K)
 Metaspace       used 115223K, capacity 118415K, committed 118732K, reserved 1153024K
  class space    used 14444K, capacity 15524K, committed 15616K, reserved 1048576K
}
Event: 31.442 GC heap after
{Heap after GC invocations=54 (full 0):
 garbage-first heap   total 344064K, used 210176K [0x0000000080000000, 0x0000000100000000)
  region size 1024K, 7 young (7168K), 7 survivors (7168K)
 Metaspace       used 115223K, capacity 118415K, committed 118732K, reserved 1153024K
  class space    used 14444K, capacity 15524K, committed 15616K, reserved 1048576K
}
Event: 33.657 GC heap before
{Heap before GC invocations=54 (full 0):
 garbage-first heap   total 344064K, used 271616K [0x0000000080000000, 0x0000000100000000)
  region size 1024K, 54 young (55296K), 7 survivors (7168K)
 Metaspace       used 115669K, capacity 118861K, committed 118988K, reserved 1153024K
  class space    used 14488K, capacity 15583K, committed 15616K, reserved 1048576K
}
Event: 33.680 GC heap after
{Heap after GC invocations=55 (full 0):
 garbage-first heap   total 344064K, used 229743K [0x0000000080000000, 0x0000000100000000)
  region size 1024K, 6 young (6144K), 6 survivors (6144K)
 Metaspace       used 115669K, capacity 118861K, committed 118988K, reserved 1153024K
  class space    used 14488K, capacity 15583K, committed 15616K, reserved 1048576K
}
Event: 34.052 GC heap before
{Heap before GC invocations=55 (full 0):
 garbage-first heap   total 344064K, used 278895K [0x0000000080000000, 0x0000000100000000)
  region size 1024K, 48 young (49152K), 6 survivors (6144K)
 Metaspace       used 115820K, capacity 118975K, committed 119244K, reserved 1153024K
  class space    used 14509K, capacity 15597K, committed 15616K, reserved 1048576K
}
Event: 34.085 GC heap after
{Heap after GC invocations=56 (full 0):
 garbage-first heap   total 344064K, used 241414K [0x0000000080000000, 0x0000000100000000)
  region size 1024K, 6 young (6144K), 6 survivors (6144K)
 Metaspace       used 115820K, capacity 118975K, committed 119244K, reserved 1153024K
  class space    used 14509K, capacity 15597K, committed 15616K, reserved 1048576K
}
Event: 34.689 GC heap before
{Heap before GC invocations=56 (full 0):
 garbage-first heap   total 344064K, used 273158K [0x0000000080000000, 0x0000000100000000)
  region size 1024K, 37 young (37888K), 6 survivors (6144K)
 Metaspace       used 115873K, capacity 119043K, committed 119244K, reserved 1153024K
  class space    used 14510K, capacity 15598K, committed 15616K, reserved 1048576K
}
Event: 34.882 GC heap after
{Heap after GC invocations=57 (full 0):
 garbage-first heap   total 458752K, used 248188K [0x0000000080000000, 0x0000000100000000)
  region size 1024K, 6 young (6144K), 6 survivors (6144K)
 Metaspace       used 115873K, capacity 119043K, committed 119244K, reserved 1153024K
  class space    used 14510K, capacity 15598K, committed 15616K, reserved 1048576K
}

